//
//  Rules descriptions for XFree86
//  Copyright 1996 by Joseph Moss
//
//  $XFree86: xc/programs/xkbcomp/rules/xfree98.lst,v 1.1 1997/07/29 13:26:01 hohndel Exp $

//
// CDDL HEADER START
//
// The contents of this file are subject to the terms of the
// Common Development and Distribution License (the "License").
// You may not use this file except in compliance with the License.
//
// You can obtain a copy of the license at src/OPENSOLARIS.LICENSE
// or http://www.opensolaris.org/os/licensing.
// See the License for the specific language governing permissions
// and limitations under the License.
//
// When distributing Covered Code, include this CDDL HEADER in each
// file and include the License file at src/OPENSOLARIS.LICENSE.
// If applicable, add the following below this CDDL HEADER, with the
// fields enclosed by brackets "[]" replaced with your own identifying
// information: Portions Copyright [yyyy] [name of copyright owner]
//
// CDDL HEADER END
//

! model
  pc98		PC-98 series standard
  jp106		Japanese 106-key

! layout
  pc98		PC98
  jp		Japanese

! variant
  nodeadkeys	Eliminate dead keys

! option
  grp			Group Shift/Lock behavior
  grp:switch		R-Alt switches group while pressed
  grp:toggle		Right Alt key changes group
  grp:shift_toggle 	Both Shift keys together change group
  grp:ctrl_shift_toggle Control+Shift changes group
  grp:ctrl_alt_toggle	Alt+Control changes group
  ctrl			Control Key Position
  ctrl:nocaps		Make CapsLock an additional Control
  ctrl:swapcaps		Swap Control and Caps Lock
  ctrl:ctrl_ac		Control key at left of 'A'
  ctrl:ctrl_aa		Control key at bottom left

