// $Xorg: xfree86-it.lst,v 1.3 2000/08/17 19:54:42 cpqbld Exp $

//
//  Elenco dei modelli e dei lingauggi
//  Copyright 1996 by Joseph Moss
//
// $XFree86: xc/programs/xkbcomp/rules/xfree86-it.lst,v 1.7 2002/11/25 14:05:06 eich Exp $

//
// CDDL HEADER START
//
// The contents of this file are subject to the terms of the
// Common Development and Distribution License (the "License").
// You may not use this file except in compliance with the License.
//
// You can obtain a copy of the license at src/OPENSOLARIS.LICENSE
// or http://www.opensolaris.org/os/licensing.
// See the License for the specific language governing permissions
// and limitations under the License.
//
// When distributing Covered Code, include this CDDL HEADER in each
// file and include the License file at src/OPENSOLARIS.LICENSE.
// If applicable, add the following below this CDDL HEADER, with the
// fields enclosed by brackets "[]" replaced with your own identifying
// information: Portions Copyright [yyyy] [name of copyright owner]
//
// CDDL HEADER END
//

! model
  microsoft       Microsoft Natural
  dell101         Dell 101-key PC
  flexpro         Keytronic FlexPro
  omnikey101      Northgate OmniKey 101
  pc101           101-key PC Generico
  pc102           102-key (Intl) PC Generico
  pc104           104-key PC Generico
  pc105           105-key (Intl) PC Generico
  jp106           106-key Giapponese
  everex          Everex STEPnote
  winbook         Winbook Modello XP5
  pc98            PC-98xx Series

! layout
  us              Inglese Statunitense
  en_US           U.S. Inglese + ISO9995-3
  be              Belga
  bg              Bulgaro
  ca              Canadese
  cz              Ceco
  cz_qwerty       Ceco (qwerty)
  de              Tedesco
  de_CH           Tedesco Svizzero
  dk              Danese
  es              Spagnolo
  fi              Finlandese
  fr              Francese
  fr_CH           Francese Svizzero
  gb              Regno Unito
  hu              Ungherese
  hu_qwerty       Ungherese (qwerty)
  it              Italiano
  jp              Giapponese
  no              Norvegese
  pl              Polacco
  pt              Portoghese
  ru              Russo
  se              Svedese
  sk              Slovacco
  sk_qwerty       Slovacco (qwerty)
  th              Tailandese
  nec/jp          nec/jp(pc98)
